<?xml version="1.0" encoding="UTF-8"?>
<!-- Generated by org.testng.reporters.JUnitXMLReporter -->
<testsuite ignored="0" hostname="LAPTOP-89AJ9SPD" failures="1" tests="4" name="Dependencies Test" time="0.029" errors="0" timestamp="2020-10-27T08:32:15 IST">
  <testcase classname="TestCases.TestCase3" name="doUserReg" time="0.002">
    <failure type="java.lang.AssertionError" message="User not registered successfully">
      <![CDATA[java.lang.AssertionError: User not registered successfully
at TestCases.TestCase3.doUserReg(TestCase3.java:10)
at java.base/java.util.ArrayList.forEach(ArrayList.java:1511)
... Removed 28 stack frames]]>
    </failure>
  </testcase> <!-- doUserReg -->
  <testcase classname="TestCases.TestCase3" name="doLogin" time="0.0">
    <skipped/>
  </testcase> <!-- doLogin -->
  <testcase classname="TestCases.TestCase3" name="thirdTest" time="0.001"/>
  <testcase classname="TestCases.TestCase3" name="fourthTest" time="0.003"/>
</testsuite> <!-- Dependencies Test -->
