<?xml version="1.0" encoding="UTF-8"?>
<!-- Generated by org.testng.reporters.JUnitXMLReporter -->
<testsuite ignored="0" hostname="LAPTOP-89AJ9SPD" failures="1" tests="1" name="Failure Test" time="0.009" errors="0" timestamp="2020-10-27T08:32:15 IST">
  <testcase classname="TestCases.TestFailures" name="doLogin" time="0.003">
    <failure type="java.lang.AssertionError" message="Failing the login test">
      <![CDATA[java.lang.AssertionError: Failing the login test
at TestCases.TestFailures.doLogin(TestFailures.java:9)
at java.base/java.util.ArrayList.forEach(ArrayList.java:1511)
... Removed 28 stack frames]]>
    </failure>
  </testcase> <!-- doLogin -->
</testsuite> <!-- Failure Test -->
