<?xml version="1.0" encoding="UTF-8"?>
<!-- Generated by org.testng.reporters.JUnitXMLReporter -->
<testsuite ignored="1" hostname="LAPTOP-89AJ9SPD" failures="0" tests="1" name="TestRunner-3" time="92.848" errors="0" timestamp="28 Dec 2020 05:58:50 GMT">
  <testcase classname="com.comcast.Leadtest.CreateLeadtc_27" name="createLead" time="36.211"/>
  <testcase classname="com.comcast.commonutils.BaseClass" name="@BeforeSuite configBeforeSuite" time="0.0">
    <ignored/>
  </testcase> <!-- @BeforeSuite configBeforeSuite -->
</testsuite> <!-- TestRunner-3 -->
