<?xml version="1.0" encoding="UTF-8"?>
<!-- Generated by org.testng.reporters.JUnitXMLReporter -->
<testsuite ignored="8" hostname="LAPTOP-89AJ9SPD" failures="0" tests="3" name="Test" time="161.626" errors="0" timestamp="27 Dec 2020 06:23:11 GMT">
  <testcase classname="com.comcast.Leadtest.convertLeadToOppurtunitytc_25" name="leadToOppurtunity" time="38.475"/>
  <testcase classname="com.comcast.Leadtest.convertLeadToOppurtunitytc_26" name="leadToOppurtunity" time="37.304"/>
  <testcase classname="com.comcast.Leadtest.convertLeadToOppurtunitytc_27" name="leadToOppurtunity" time="42.98"/>
  <testcase classname="com.comcast.commonutils.BaseClass" name="@BeforeSuite configBeforeSuite" time="0.0">
    <ignored/>
  </testcase> <!-- @BeforeSuite configBeforeSuite -->
  <testcase classname="com.comcast.commonutils.BaseClass" name="@BeforeSuite configBeforeSuite" time="0.0">
    <ignored/>
  </testcase> <!-- @BeforeSuite configBeforeSuite -->
  <testcase classname="com.comcast.commonutils.BaseClass" name="@BeforeSuite configBeforeSuite" time="0.0">
    <ignored/>
  </testcase> <!-- @BeforeSuite configBeforeSuite -->
  <testcase classname="com.comcast.commonutils.BaseClass" name="@BeforeSuite configBeforeSuite" time="0.0">
    <ignored/>
  </testcase> <!-- @BeforeSuite configBeforeSuite -->
  <testcase classname="com.comcast.commonutils.BaseClass" name="@BeforeSuite configBeforeSuite" time="0.0">
    <ignored/>
  </testcase> <!-- @BeforeSuite configBeforeSuite -->
  <testcase classname="com.comcast.Leadtest.CreateLeadtc_26" name="createLead" time="0.0">
    <ignored/>
  </testcase> <!-- createLead -->
  <testcase classname="com.comcast.Leadtest.CreateLeadtc_27" name="createLead" time="0.0">
    <ignored/>
  </testcase> <!-- createLead -->
  <testcase classname="com.comcast.Leadtest.CreateLeadtc_25" name="createLead" time="0.0">
    <ignored/>
  </testcase> <!-- createLead -->
</testsuite> <!-- Test -->
