<?xml version="1.0" encoding="UTF-8"?>
<!-- Generated by org.testng.reporters.JUnitXMLReporter -->
<testsuite ignored="1" hostname="LAPTOP-89AJ9SPD" failures="0" tests="2" name="TestRunner-2" time="129.019" errors="0" timestamp="28 Dec 2020 05:59:26 GMT">
  <testcase classname="com.comcast.Leadtest.CreateLeadtc_26" name="createLead" time="36.935"/>
  <testcase classname="com.comcast.Leadtest.convertLeadToOppurtunitytc_26" name="leadToOppurtunity" time="50.288"/>
  <testcase classname="com.comcast.commonutils.BaseClass" name="@BeforeSuite configBeforeSuite" time="0.0">
    <ignored/>
  </testcase> <!-- @BeforeSuite configBeforeSuite -->
</testsuite> <!-- TestRunner-2 -->
