<?xml version="1.0" encoding="UTF-8"?>
<!-- Generated by org.testng.reporters.JUnitXMLReporter -->
<testsuite ignored="1" hostname="LAPTOP-89AJ9SPD" failures="0" tests="1" name="TestRunner-1" time="93.858" errors="0" timestamp="28 Dec 2020 05:58:51 GMT">
  <testcase classname="com.comcast.Leadtest.CreateLeadtc_25" name="createLead" time="35.668"/>
  <testcase classname="com.comcast.commonutils.BaseClass" name="@BeforeSuite configBeforeSuite" time="0.0">
    <ignored/>
  </testcase> <!-- @BeforeSuite configBeforeSuite -->
</testsuite> <!-- TestRunner-1 -->
