<?xml version="1.0" encoding="UTF-8"?>
<testng-results ignored="0" total="3" passed="3" failed="0" skipped="0">
  <reporter-output>
  </reporter-output>
  <suite started-at="2020-11-30T16:19:29 IST" name="Suite" finished-at="2020-11-30T16:19:47 IST" duration-ms="18113">
    <groups>
    </groups>
    <test started-at="2020-11-30T16:19:29 IST" name="Test2" finished-at="2020-11-30T16:19:45 IST" duration-ms="16167">
      <class name="com.w2a.zoho.rough.TestCase2">
        <test-method signature="doLogin(java.lang.String, java.lang.String, java.lang.String)[pri:0, instance:com.w2a.zoho.rough.TestCase2@2473d930]" started-at="2020-11-30T16:19:29 IST" name="doLogin" data-provider="getData" finished-at="2020-11-30T16:19:45 IST" duration-ms="16079" status="PASS">
          <params>
            <param index="0">
              <value>
                <![CDATA[admin]]>
              </value>
            </param>
            <param index="1">
              <value>
                <![CDATA[manager]]>
              </value>
            </param>
            <param index="2">
              <value>
                <![CDATA[chrome]]>
              </value>
            </param>
          </params>
          <reporter-output>
          </reporter-output>
        </test-method> <!-- doLogin -->
      </class> <!-- com.w2a.zoho.rough.TestCase2 -->
    </test> <!-- Test2 -->
    <test started-at="2020-11-30T16:19:29 IST" name="Test1" finished-at="2020-11-30T16:19:47 IST" duration-ms="18113">
      <class name="com.w2a.zoho.rough.TestCase1">
        <test-method signature="doLogin(java.lang.String, java.lang.String, java.lang.String)[pri:0, instance:com.w2a.zoho.rough.TestCase1@5ccddd20]" started-at="2020-11-30T16:19:29 IST" name="doLogin" data-provider="getData" finished-at="2020-11-30T16:19:47 IST" duration-ms="18033" status="PASS">
          <params>
            <param index="0">
              <value>
                <![CDATA[trainee]]>
              </value>
            </param>
            <param index="1">
              <value>
                <![CDATA[trainee]]>
              </value>
            </param>
            <param index="2">
              <value>
                <![CDATA[firefox]]>
              </value>
            </param>
          </params>
          <reporter-output>
          </reporter-output>
        </test-method> <!-- doLogin -->
        <test-method signature="doLogin(java.lang.String, java.lang.String, java.lang.String)[pri:0, instance:com.w2a.zoho.rough.TestCase1@5ccddd20]" started-at="2020-11-30T16:19:29 IST" name="doLogin" data-provider="getData" finished-at="2020-11-30T16:19:44 IST" duration-ms="15047" status="PASS">
          <params>
            <param index="0">
              <value>
                <![CDATA[admin]]>
              </value>
            </param>
            <param index="1">
              <value>
                <![CDATA[manager]]>
              </value>
            </param>
            <param index="2">
              <value>
                <![CDATA[chrome]]>
              </value>
            </param>
          </params>
          <reporter-output>
          </reporter-output>
        </test-method> <!-- doLogin -->
      </class> <!-- com.w2a.zoho.rough.TestCase1 -->
    </test> <!-- Test1 -->
  </suite> <!-- Suite -->
</testng-results>
