<?xml version="1.0" encoding="UTF-8"?>
<testng-results ignored="0" total="2" passed="2" failed="0" skipped="0">
  <reporter-output>
  </reporter-output>
  <suite started-at="2020-12-23T05:14:38Z" name="Default suite" finished-at="2020-12-23T05:14:38Z" duration-ms="80">
    <groups>
      <group name="smoke test">
        <method signature="contactTest.createContactTest()[pri:0, instance:com.comcast.ContactTest.contactTest@7b36aa0c]" name="createContactTest" class="com.comcast.ContactTest.contactTest"/>
      </group> <!-- smoke test -->
      <group name="regression test">
        <method signature="contactTest.modifyContactTest()[pri:0, instance:com.comcast.ContactTest.contactTest@7b36aa0c]" name="modifyContactTest" class="com.comcast.ContactTest.contactTest"/>
      </group> <!-- regression test -->
    </groups>
    <test started-at="2020-12-23T05:14:38Z" name="Default test" finished-at="2020-12-23T05:14:38Z" duration-ms="80">
      <class name="com.comcast.ContactTest.contactTest">
        <test-method signature="createContactTest()[pri:0, instance:com.comcast.ContactTest.contactTest@7b36aa0c]" started-at="2020-12-23T05:14:38Z" name="createContactTest" finished-at="2020-12-23T05:14:38Z" duration-ms="16" status="PASS">
          <reporter-output>
          </reporter-output>
        </test-method> <!-- createContactTest -->
        <test-method signature="modifyContactTest()[pri:0, instance:com.comcast.ContactTest.contactTest@7b36aa0c]" started-at="2020-12-23T05:14:38Z" name="modifyContactTest" finished-at="2020-12-23T05:14:38Z" duration-ms="2" status="PASS">
          <reporter-output>
          </reporter-output>
        </test-method> <!-- modifyContactTest -->
      </class> <!-- com.comcast.ContactTest.contactTest -->
    </test> <!-- Default test -->
  </suite> <!-- Default suite -->
</testng-results>
