<?xml version="1.0" encoding="UTF-8"?>
<!-- Generated by org.testng.reporters.JUnitXMLReporter -->
<testsuite ignored="0" hostname="LAPTOP-89AJ9SPD" failures="0" tests="4" name="Command line test" time="0.079" errors="0" timestamp="23 Dec 2020 05:07:02 GMT">
  <testcase classname="com.comcast.AccountTestt.AccountTest" name="createAccountTest" time="0.014"/>
  <testcase classname="com.comcast.AccountTestt.AccountTest" name="modifyAccountTest" time="0.001"/>
  <testcase classname="com.comcast.ContactTest.contactTest" name="createContactTest" time="0.001"/>
  <testcase classname="com.comcast.ContactTest.contactTest" name="modifyContactTest" time="0.001"/>
</testsuite> <!-- Command line test -->
